<?xml version="1.0" encoding="UTF-8"?>
<!-- Generated by org.testng.reporters.JUnitReportReporter -->
<testsuite skipped="0" hostname="LAPTOP-4EGU0F44" name="hackathon.team3.Urbanladder" tests="7" failures="0" timestamp="20 May 2020 08:14:43 GMT" time="38.381" errors="0">
  <testcase name="operationSearch" time="6.464" classname="hackathon.team3.Urbanladder"/>
  <testcase name="operationCategory" time="2.415" classname="hackathon.team3.Urbanladder"/>
  <testcase name="operationPrice" time="2.699" classname="hackathon.team3.Urbanladder"/>
  <testcase name="operationStorage" time="10.914" classname="hackathon.team3.Urbanladder"/>
  <testcase name="operationstock" time="0.103" classname="hackathon.team3.Urbanladder"/>
  <testcase name="closePopUp" time="2.351" classname="hackathon.team3.Urbanladder"/>
  <testcase name="printBookShelves" time="13.435" classname="hackathon.team3.Urbanladder"/>
</testsuite> <!-- hackathon.team3.Urbanladder -->
