<?xml version="1.0" encoding="UTF-8"?>
<!-- Generated by org.testng.reporters.JUnitReportReporter -->
<testsuite hostname="LAPTOP-4EGU0F44" failures="0" tests="10" name="hackathon.team3.Collection_gift" time="35.156" errors="0" timestamp="2020-05-27T19:07:12 IST" skipped="0">
  <testcase classname="hackathon.team3.Collection_gift" name="operationSearch" time="3.831"/>
  <system-out/>
  <testcase classname="hackathon.team3.Collection_gift" name="operationCategory" time="2.708"/>
  <system-out/>
  <testcase classname="hackathon.team3.Collection_gift" name="operationPrice" time="2.982"/>
  <system-out/>
  <testcase classname="hackathon.team3.Collection_gift" name="operationStorage" time="2.504"/>
  <system-out/>
  <testcase classname="hackathon.team3.Collection_gift" name="operationstock" time="0.191"/>
  <system-out/>
  <testcase classname="hackathon.team3.Collection_gift" name="closePopUp" time="2.093"/>
  <system-out/>
  <testcase classname="hackathon.team3.Collection_gift" name="printBookShelves" time="4.722"/>
  <system-out/>
  <testcase classname="hackathon.team3.Collection_gift" name="printCollections" time="5.710"/>
  <system-out/>
  <testcase classname="hackathon.team3.Collection_gift" name="select_GiftsCards" time="5.121"/>
  <system-out/>
  <testcase classname="hackathon.team3.Collection_gift" name="fill_GiftsCards" time="5.294"/>
  <system-out/>
</testsuite> <!-- hackathon.team3.Collection_gift -->
